[debug] [2021-05-23T05:30:41.686Z] ----------------------------------------------------------------------
[debug] [2021-05-23T05:30:41.689Z] Command:       C:\Program Files\nodejs\node.exe C:\Users\bannu\AppData\Roaming\npm\node_modules\firebase-tools\lib\bin\firebase.js deploy
[debug] [2021-05-23T05:30:41.689Z] CLI Version:   8.18.1
[debug] [2021-05-23T05:30:41.690Z] Platform:      win32
[debug] [2021-05-23T05:30:41.690Z] Node Version:  v14.16.1
[debug] [2021-05-23T05:30:41.691Z] Time:          Sun May 23 2021 11:00:41 GMT+0530 (India Standard Time)
[debug] [2021-05-23T05:30:41.691Z] ----------------------------------------------------------------------
[debug] [2021-05-23T05:30:41.691Z] 
[debug] [2021-05-23T05:30:41.708Z] > command requires scopes: ["email","openid","https://www.googleapis.com/auth/cloudplatformprojects.readonly","https://www.googleapis.com/auth/firebase","https://www.googleapis.com/auth/cloud-platform"]
[debug] [2021-05-23T05:30:41.710Z] > authorizing via signed-in user
[debug] [2021-05-23T05:30:41.710Z] [iam] checking project portfolio-95dc3 for permissions ["firebase.projects.get","firebasehosting.sites.update"]
[debug] [2021-05-23T05:30:41.718Z] >>> HTTP REQUEST POST https://cloudresourcemanager.googleapis.com/v1/projects/portfolio-95dc3:testIamPermissions  
 {"permissions":["firebase.projects.get","firebasehosting.sites.update"]}
[debug] [2021-05-23T05:30:43.682Z] <<< HTTP RESPONSE 200 {"content-type":"application/json; charset=UTF-8","vary":"X-Origin, Referer, Origin,Accept-Encoding","date":"Sun, 23 May 2021 05:30:43 GMT","server":"ESF","cache-control":"private","x-xss-protection":"0","x-frame-options":"SAMEORIGIN","x-content-type-options":"nosniff","server-timing":"gfet4t7; dur=1162","alt-svc":"h3-29=\":443\"; ma=2592000,h3-T051=\":443\"; ma=2592000,h3-Q050=\":443\"; ma=2592000,h3-Q046=\":443\"; ma=2592000,h3-Q043=\":443\"; ma=2592000,quic=\":443\"; ma=2592000; v=\"46,43\"","accept-ranges":"none","transfer-encoding":"chunked"}
[debug] [2021-05-23T05:30:43.692Z] >>> HTTP REQUEST GET https://firebase.googleapis.com/v1beta1/projects/portfolio-95dc3  
 
[debug] [2021-05-23T05:30:44.285Z] <<< HTTP RESPONSE 200 {"content-type":"application/json; charset=UTF-8","vary":"X-Origin, Referer, Origin,Accept-Encoding","date":"Sun, 23 May 2021 05:30:44 GMT","server":"ESF","cache-control":"private","x-xss-protection":"0","x-frame-options":"SAMEORIGIN","x-content-type-options":"nosniff","alt-svc":"h3-29=\":443\"; ma=2592000,h3-T051=\":443\"; ma=2592000,h3-Q050=\":443\"; ma=2592000,h3-Q046=\":443\"; ma=2592000,h3-Q043=\":443\"; ma=2592000,quic=\":443\"; ma=2592000; v=\"46,43\"","accept-ranges":"none","transfer-encoding":"chunked"}
[info] 
[info] === Deploying to 'portfolio-95dc3'...
[info] 
[info] i  deploying hosting 
[debug] [2021-05-23T05:30:44.303Z] >>> HTTP REQUEST POST https://firebasehosting.googleapis.com/v1beta1/sites/portfolio-95dc3/versions  
 {"config":{"rewrites":[{"glob":"**","path":"/index.html"}]},"labels":{"deployment-tool":"cli-firebase"}}
[debug] [2021-05-23T05:30:46.845Z] <<< HTTP RESPONSE 200 {"content-type":"application/json; charset=UTF-8","vary":"X-Origin, Referer, Origin,Accept-Encoding","date":"Sun, 23 May 2021 05:30:46 GMT","server":"ESF","cache-control":"private","x-xss-protection":"0","x-frame-options":"SAMEORIGIN","x-content-type-options":"nosniff","alt-svc":"h3-29=\":443\"; ma=2592000,h3-T051=\":443\"; ma=2592000,h3-Q050=\":443\"; ma=2592000,h3-Q046=\":443\"; ma=2592000,h3-Q043=\":443\"; ma=2592000,quic=\":443\"; ma=2592000; v=\"46,43\"","accept-ranges":"none","transfer-encoding":"chunked"}
[info] i  hosting[portfolio-95dc3]: beginning deploy... 
[info] i  hosting[portfolio-95dc3]: found 32 files in build 
[debug] [2021-05-23T05:30:46.899Z] [hosting] hash cache [YnVpbGQ] not populated
[debug] [2021-05-23T05:30:47.446Z] > refreshing access token with scopes: []
[debug] [2021-05-23T05:30:47.446Z] >>> HTTP REQUEST POST https://www.googleapis.com/oauth2/v3/token  
 <request body omitted>
[debug] [2021-05-23T05:30:47.451Z] [hosting] hash cache [YnVpbGQ] stored for 32 files
[debug] [2021-05-23T05:30:47.452Z] [hosting][hash queue][FINAL] {"max":487,"min":101,"avg":140.78125,"active":0,"complete":32,"success":32,"errored":0,"retried":0,"total":32,"elapsed":552}
[debug] [2021-05-23T05:30:47.850Z] <<< HTTP RESPONSE 200 {"date":"Sun, 23 May 2021 05:30:47 GMT","cache-control":"no-cache, no-store, max-age=0, must-revalidate","expires":"Mon, 01 Jan 1990 00:00:00 GMT","pragma":"no-cache","content-type":"application/json; charset=utf-8","vary":"X-Origin, Referer, Origin,Accept-Encoding","server":"scaffolding on HTTPServer2","x-xss-protection":"0","x-frame-options":"SAMEORIGIN","x-content-type-options":"nosniff","alt-svc":"h3-29=\":443\"; ma=2592000,h3-T051=\":443\"; ma=2592000,h3-Q050=\":443\"; ma=2592000,h3-Q046=\":443\"; ma=2592000,h3-Q043=\":443\"; ma=2592000,quic=\":443\"; ma=2592000; v=\"46,43\"","accept-ranges":"none","transfer-encoding":"chunked"}
[debug] [2021-05-23T05:30:47.928Z] >>> [apiv2][query] POST https://firebasehosting.googleapis.com/v1beta1/sites/portfolio-95dc3/versions/563c855a917e2e29:populateFiles [none]
[debug] [2021-05-23T05:30:47.929Z] >>> [apiv2][body] POST https://firebasehosting.googleapis.com/v1beta1/sites/portfolio-95dc3/versions/563c855a917e2e29:populateFiles {"files":{"/asset-manifest.json":"59d126b4be08c8b950ce09fee5d3b8791b1820ef3dc6b72907cb1d15671a9a1e","/index.html":"1a5deb719c9796746f6054558a8d739ff317cd41d011be83e010b3b5a11fe1eb","/manifest.json":"aff3449bdc238776f5d6d967f19ec491b36aed5fb7f23ccff6500736fd58494a","/favicon.ico":"eae62e993eb980ec8a25058c39d5a51feab118bd2100c4deebb2a9c158ec11f9","/robots.txt":"bfe106a3fb878dc83461c86818bf74fc1bdc7f28538ba613cd3e775516ce8b49","/static/css/main.6375c5df.chunk.css":"49d6f012c57392db3184bac92c19f0f20ee4435cad17d550d093b293fb623460","/static/css/main.6375c5df.chunk.css.map":"e3f7e342f9b0688bbd23e4057ce1e5fac69e54d525fbba599983bed31a390fa7","/static/js/2.e0d8a633.chunk.js.LICENSE.txt":"771627f7f2e855fe51faf0b8854f699528be671b13dfa9382672238654b2716e","/static/js/3.10408fdf.chunk.js":"932e47c28e1a51b50d7995d8ffce25d3fee5d58a84875f1190419563e6fd4eee","/static/js/3.10408fdf.chunk.js.map":"cdfc2de9c4c956c992371067d82de2763d733f285b97af4dad14dd4c985b0c06","/static/js/main.a2718be6.chunk.js":"9a9ef2f7d419f6afd709dc41e46709f40d41fd4581d0f99c08de85ffbd0f75dc","/static/js/main.a2718be6.chunk.js.map":"9e34e72333e267ae1b9123b03ab56d3bc6e91c10b62f5f99e16c753b8b95fa87","/static/js/runtime-main.0da6900e.js":"2d24ab954b61997642405b7d45df7e985cff99893b07b4fa5c05f9381be9631a","/static/js/runtime-main.0da6900e.js.map":"d343c434fa9fa645e8cada775188138235101a1153b21aafc2eb9c0b3e9cb63e","/static/media/bootstrap.527d0fc0.svg":"44c8c650e9204b400163edd98823880d14334064b9dbe1a8465a509c79ff7900","/static/media/clanguage.409f87a4.svg":"19567071957a20683d5293dae1a4a7f74b5d947758df8f40d32b194c45d62be3","/static/media/css-3.e7a9de36.svg":"a8f0fbf35dd982201ec90f629122e6b73e0053be26ebda41d3d2966c17ba00f7","/static/media/c_plus_plus.2441702d.svg":"aa5a0d3a851add57caaa0424adab8b5a567ae38e8c86815c52f4c7685e056a93","/static/media/html-5.e7638e36.svg":"ff00db722373fab16629e1b8d9b7fd43a17434f645a1082a91490028f9624783","/static/media/react.e27571ea.svg":"75b22ada1edb5a2a65c7ede3b7e47c55345c8c36c3bf0be3e7f0338558564efa","/static/media/redux.d81fad54.svg":"eedf871cb1a73d06d130f477e72f54fc4ba6d739be4edc7aa7e281c554bc8e70","/logo192.png":"3ee59515172ee198f3be375979df15ac5345183e656720a381b8872b2a39dc8b","/logo512.png":"ee7e2f3fdb8209c4b6fd7bef6ba50d1b9dba30a25bb5c3126df057e1cb6f5331","/static/media/javascript.fd46ca41.svg":"73c389d194ffc14bbc8fe5d3e6cc54b1f810a0bbe3cc8988bbb3fdedc9df55bf","/static/css/2.61b4cb56.chunk.css":"c6817e3ae113562dd7e3bdbafdf700e5f01e2693016ee707bdfa486dbe9c51d1","/static/js/2.e0d8a633.chunk.js":"687d438f3f1cf13da45f9b67c06e9658d35d137760d9dc53e5fab7b2ddb00213","/static/media/work-img.f803ab6c.jpeg":"4fdfeb07771fc3fbcd4fee80141e2d0421d65819b4494ca72d5b858ef9134ab7","/static/css/2.61b4cb56.chunk.css.map":"58661068e2f94f1cd3926889e0d9cc957c701250c668d0c99f7cd0fc956169fd","/static/media/resources-img.22acb33d.jpeg":"89128c404495809c2b9c4ef96be29e4df5853bddb919597c4ea1bb1c79a8cfe6","/static/media/phanindra.220c9211.png":"a7ec68e964e486df99174e8e81eeec90562ce83d7d401c6de0bb4136cf61f806","/phanindra.png":"a7ec68e964e486df99174e8e81eeec90562ce83d7d401c6de0bb4136cf61f806","/static/js/2.e0d8a633.chunk.js.map":"f1651a73a84192410ce43b74461549e3012d38dd679848770eeb8b0f13523ebc"}}
[debug] [2021-05-23T05:30:50.428Z] <<< [apiv2][status] POST https://firebasehosting.googleapis.com/v1beta1/sites/portfolio-95dc3/versions/563c855a917e2e29:populateFiles 200
[debug] [2021-05-23T05:30:50.429Z] <<< [apiv2][body] POST https://firebasehosting.googleapis.com/v1beta1/sites/portfolio-95dc3/versions/563c855a917e2e29:populateFiles {"uploadRequiredHashes":["59d126b4be08c8b950ce09fee5d3b8791b1820ef3dc6b72907cb1d15671a9a1e","1a5deb719c9796746f6054558a8d739ff317cd41d011be83e010b3b5a11fe1eb","687d438f3f1cf13da45f9b67c06e9658d35d137760d9dc53e5fab7b2ddb00213","d343c434fa9fa645e8cada775188138235101a1153b21aafc2eb9c0b3e9cb63e","e3f7e342f9b0688bbd23e4057ce1e5fac69e54d525fbba599983bed31a390fa7","9a9ef2f7d419f6afd709dc41e46709f40d41fd4581d0f99c08de85ffbd0f75dc","49d6f012c57392db3184bac92c19f0f20ee4435cad17d550d093b293fb623460","f1651a73a84192410ce43b74461549e3012d38dd679848770eeb8b0f13523ebc","3ee59515172ee198f3be375979df15ac5345183e656720a381b8872b2a39dc8b","9e34e72333e267ae1b9123b03ab56d3bc6e91c10b62f5f99e16c753b8b95fa87","eae62e993eb980ec8a25058c39d5a51feab118bd2100c4deebb2a9c158ec11f9","ee7e2f3fdb8209c4b6fd7bef6ba50d1b9dba30a25bb5c3126df057e1cb6f5331","2d24ab954b61997642405b7d45df7e985cff99893b07b4fa5c05f9381be9631a"],"uploadUrl":"https://upload-firebasehosting.googleapis.com/upload/sites/portfolio-95dc3/versions/563c855a917e2e29/files"}
[debug] [2021-05-23T05:30:50.456Z] >>> [apiv2][query] POST https://upload-firebasehosting.googleapis.com/upload/sites/portfolio-95dc3/versions/563c855a917e2e29/files/59d126b4be08c8b950ce09fee5d3b8791b1820ef3dc6b72907cb1d15671a9a1e [none]
[debug] [2021-05-23T05:30:50.457Z] >>> [apiv2][body] POST https://upload-firebasehosting.googleapis.com/upload/sites/portfolio-95dc3/versions/563c855a917e2e29/files/59d126b4be08c8b950ce09fee5d3b8791b1820ef3dc6b72907cb1d15671a9a1e [stream]
[debug] [2021-05-23T05:30:50.466Z] >>> [apiv2][query] POST https://upload-firebasehosting.googleapis.com/upload/sites/portfolio-95dc3/versions/563c855a917e2e29/files/1a5deb719c9796746f6054558a8d739ff317cd41d011be83e010b3b5a11fe1eb [none]
[debug] [2021-05-23T05:30:50.467Z] >>> [apiv2][body] POST https://upload-firebasehosting.googleapis.com/upload/sites/portfolio-95dc3/versions/563c855a917e2e29/files/1a5deb719c9796746f6054558a8d739ff317cd41d011be83e010b3b5a11fe1eb [stream]
[debug] [2021-05-23T05:30:50.472Z] >>> [apiv2][query] POST https://upload-firebasehosting.googleapis.com/upload/sites/portfolio-95dc3/versions/563c855a917e2e29/files/687d438f3f1cf13da45f9b67c06e9658d35d137760d9dc53e5fab7b2ddb00213 [none]
[debug] [2021-05-23T05:30:50.472Z] >>> [apiv2][body] POST https://upload-firebasehosting.googleapis.com/upload/sites/portfolio-95dc3/versions/563c855a917e2e29/files/687d438f3f1cf13da45f9b67c06e9658d35d137760d9dc53e5fab7b2ddb00213 [stream]
[debug] [2021-05-23T05:30:50.477Z] >>> [apiv2][query] POST https://upload-firebasehosting.googleapis.com/upload/sites/portfolio-95dc3/versions/563c855a917e2e29/files/d343c434fa9fa645e8cada775188138235101a1153b21aafc2eb9c0b3e9cb63e [none]
[debug] [2021-05-23T05:30:50.478Z] >>> [apiv2][body] POST https://upload-firebasehosting.googleapis.com/upload/sites/portfolio-95dc3/versions/563c855a917e2e29/files/d343c434fa9fa645e8cada775188138235101a1153b21aafc2eb9c0b3e9cb63e [stream]
[debug] [2021-05-23T05:30:50.481Z] >>> [apiv2][query] POST https://upload-firebasehosting.googleapis.com/upload/sites/portfolio-95dc3/versions/563c855a917e2e29/files/e3f7e342f9b0688bbd23e4057ce1e5fac69e54d525fbba599983bed31a390fa7 [none]
[debug] [2021-05-23T05:30:50.482Z] >>> [apiv2][body] POST https://upload-firebasehosting.googleapis.com/upload/sites/portfolio-95dc3/versions/563c855a917e2e29/files/e3f7e342f9b0688bbd23e4057ce1e5fac69e54d525fbba599983bed31a390fa7 [stream]
[debug] [2021-05-23T05:30:50.484Z] >>> [apiv2][query] POST https://upload-firebasehosting.googleapis.com/upload/sites/portfolio-95dc3/versions/563c855a917e2e29/files/9a9ef2f7d419f6afd709dc41e46709f40d41fd4581d0f99c08de85ffbd0f75dc [none]
[debug] [2021-05-23T05:30:50.485Z] >>> [apiv2][body] POST https://upload-firebasehosting.googleapis.com/upload/sites/portfolio-95dc3/versions/563c855a917e2e29/files/9a9ef2f7d419f6afd709dc41e46709f40d41fd4581d0f99c08de85ffbd0f75dc [stream]
[debug] [2021-05-23T05:30:50.487Z] >>> [apiv2][query] POST https://upload-firebasehosting.googleapis.com/upload/sites/portfolio-95dc3/versions/563c855a917e2e29/files/49d6f012c57392db3184bac92c19f0f20ee4435cad17d550d093b293fb623460 [none]
[debug] [2021-05-23T05:30:50.487Z] >>> [apiv2][body] POST https://upload-firebasehosting.googleapis.com/upload/sites/portfolio-95dc3/versions/563c855a917e2e29/files/49d6f012c57392db3184bac92c19f0f20ee4435cad17d550d093b293fb623460 [stream]
[debug] [2021-05-23T05:30:50.490Z] >>> [apiv2][query] POST https://upload-firebasehosting.googleapis.com/upload/sites/portfolio-95dc3/versions/563c855a917e2e29/files/f1651a73a84192410ce43b74461549e3012d38dd679848770eeb8b0f13523ebc [none]
[debug] [2021-05-23T05:30:50.490Z] >>> [apiv2][body] POST https://upload-firebasehosting.googleapis.com/upload/sites/portfolio-95dc3/versions/563c855a917e2e29/files/f1651a73a84192410ce43b74461549e3012d38dd679848770eeb8b0f13523ebc [stream]
[debug] [2021-05-23T05:30:50.492Z] >>> [apiv2][query] POST https://upload-firebasehosting.googleapis.com/upload/sites/portfolio-95dc3/versions/563c855a917e2e29/files/3ee59515172ee198f3be375979df15ac5345183e656720a381b8872b2a39dc8b [none]
[debug] [2021-05-23T05:30:50.493Z] >>> [apiv2][body] POST https://upload-firebasehosting.googleapis.com/upload/sites/portfolio-95dc3/versions/563c855a917e2e29/files/3ee59515172ee198f3be375979df15ac5345183e656720a381b8872b2a39dc8b [stream]
[debug] [2021-05-23T05:30:50.495Z] >>> [apiv2][query] POST https://upload-firebasehosting.googleapis.com/upload/sites/portfolio-95dc3/versions/563c855a917e2e29/files/9e34e72333e267ae1b9123b03ab56d3bc6e91c10b62f5f99e16c753b8b95fa87 [none]
[debug] [2021-05-23T05:30:50.495Z] >>> [apiv2][body] POST https://upload-firebasehosting.googleapis.com/upload/sites/portfolio-95dc3/versions/563c855a917e2e29/files/9e34e72333e267ae1b9123b03ab56d3bc6e91c10b62f5f99e16c753b8b95fa87 [stream]
[debug] [2021-05-23T05:30:50.498Z] >>> [apiv2][query] POST https://upload-firebasehosting.googleapis.com/upload/sites/portfolio-95dc3/versions/563c855a917e2e29/files/eae62e993eb980ec8a25058c39d5a51feab118bd2100c4deebb2a9c158ec11f9 [none]
[debug] [2021-05-23T05:30:50.502Z] >>> [apiv2][body] POST https://upload-firebasehosting.googleapis.com/upload/sites/portfolio-95dc3/versions/563c855a917e2e29/files/eae62e993eb980ec8a25058c39d5a51feab118bd2100c4deebb2a9c158ec11f9 [stream]
[debug] [2021-05-23T05:30:50.505Z] >>> [apiv2][query] POST https://upload-firebasehosting.googleapis.com/upload/sites/portfolio-95dc3/versions/563c855a917e2e29/files/ee7e2f3fdb8209c4b6fd7bef6ba50d1b9dba30a25bb5c3126df057e1cb6f5331 [none]
[debug] [2021-05-23T05:30:50.506Z] >>> [apiv2][body] POST https://upload-firebasehosting.googleapis.com/upload/sites/portfolio-95dc3/versions/563c855a917e2e29/files/ee7e2f3fdb8209c4b6fd7bef6ba50d1b9dba30a25bb5c3126df057e1cb6f5331 [stream]
[debug] [2021-05-23T05:30:50.508Z] >>> [apiv2][query] POST https://upload-firebasehosting.googleapis.com/upload/sites/portfolio-95dc3/versions/563c855a917e2e29/files/2d24ab954b61997642405b7d45df7e985cff99893b07b4fa5c05f9381be9631a [none]
[debug] [2021-05-23T05:30:50.508Z] >>> [apiv2][body] POST https://upload-firebasehosting.googleapis.com/upload/sites/portfolio-95dc3/versions/563c855a917e2e29/files/2d24ab954b61997642405b7d45df7e985cff99893b07b4fa5c05f9381be9631a [stream]
[debug] [2021-05-23T05:30:50.516Z] [hosting][populate queue][FINAL] {"max":3012,"min":3012,"avg":3012,"active":0,"complete":1,"success":1,"errored":0,"retried":0,"total":1,"elapsed":3073}
[debug] [2021-05-23T05:30:50.516Z] [hosting] uploads queued: 13
[debug] [2021-05-23T05:30:52.435Z] <<< [apiv2][status] POST https://upload-firebasehosting.googleapis.com/upload/sites/portfolio-95dc3/versions/563c855a917e2e29/files/1a5deb719c9796746f6054558a8d739ff317cd41d011be83e010b3b5a11fe1eb 200
[debug] [2021-05-23T05:30:52.436Z] <<< [apiv2][body] POST https://upload-firebasehosting.googleapis.com/upload/sites/portfolio-95dc3/versions/563c855a917e2e29/files/1a5deb719c9796746f6054558a8d739ff317cd41d011be83e010b3b5a11fe1eb [stream]
[debug] [2021-05-23T05:30:52.561Z] <<< [apiv2][status] POST https://upload-firebasehosting.googleapis.com/upload/sites/portfolio-95dc3/versions/563c855a917e2e29/files/d343c434fa9fa645e8cada775188138235101a1153b21aafc2eb9c0b3e9cb63e 200
[debug] [2021-05-23T05:30:52.561Z] <<< [apiv2][body] POST https://upload-firebasehosting.googleapis.com/upload/sites/portfolio-95dc3/versions/563c855a917e2e29/files/d343c434fa9fa645e8cada775188138235101a1153b21aafc2eb9c0b3e9cb63e [stream]
[debug] [2021-05-23T05:30:52.773Z] <<< [apiv2][status] POST https://upload-firebasehosting.googleapis.com/upload/sites/portfolio-95dc3/versions/563c855a917e2e29/files/9a9ef2f7d419f6afd709dc41e46709f40d41fd4581d0f99c08de85ffbd0f75dc 200
[debug] [2021-05-23T05:30:52.773Z] <<< [apiv2][body] POST https://upload-firebasehosting.googleapis.com/upload/sites/portfolio-95dc3/versions/563c855a917e2e29/files/9a9ef2f7d419f6afd709dc41e46709f40d41fd4581d0f99c08de85ffbd0f75dc [stream]
[debug] [2021-05-23T05:30:53.194Z] <<< [apiv2][status] POST https://upload-firebasehosting.googleapis.com/upload/sites/portfolio-95dc3/versions/563c855a917e2e29/files/49d6f012c57392db3184bac92c19f0f20ee4435cad17d550d093b293fb623460 200
[debug] [2021-05-23T05:30:53.194Z] <<< [apiv2][body] POST https://upload-firebasehosting.googleapis.com/upload/sites/portfolio-95dc3/versions/563c855a917e2e29/files/49d6f012c57392db3184bac92c19f0f20ee4435cad17d550d093b293fb623460 [stream]
[debug] [2021-05-23T05:30:53.203Z] <<< [apiv2][status] POST https://upload-firebasehosting.googleapis.com/upload/sites/portfolio-95dc3/versions/563c855a917e2e29/files/e3f7e342f9b0688bbd23e4057ce1e5fac69e54d525fbba599983bed31a390fa7 200
[debug] [2021-05-23T05:30:53.203Z] <<< [apiv2][body] POST https://upload-firebasehosting.googleapis.com/upload/sites/portfolio-95dc3/versions/563c855a917e2e29/files/e3f7e342f9b0688bbd23e4057ce1e5fac69e54d525fbba599983bed31a390fa7 [stream]
[debug] [2021-05-23T05:30:53.324Z] <<< [apiv2][status] POST https://upload-firebasehosting.googleapis.com/upload/sites/portfolio-95dc3/versions/563c855a917e2e29/files/ee7e2f3fdb8209c4b6fd7bef6ba50d1b9dba30a25bb5c3126df057e1cb6f5331 200
[debug] [2021-05-23T05:30:53.325Z] <<< [apiv2][body] POST https://upload-firebasehosting.googleapis.com/upload/sites/portfolio-95dc3/versions/563c855a917e2e29/files/ee7e2f3fdb8209c4b6fd7bef6ba50d1b9dba30a25bb5c3126df057e1cb6f5331 [stream]
[debug] [2021-05-23T05:30:53.656Z] <<< [apiv2][status] POST https://upload-firebasehosting.googleapis.com/upload/sites/portfolio-95dc3/versions/563c855a917e2e29/files/9e34e72333e267ae1b9123b03ab56d3bc6e91c10b62f5f99e16c753b8b95fa87 200
[debug] [2021-05-23T05:30:53.656Z] <<< [apiv2][body] POST https://upload-firebasehosting.googleapis.com/upload/sites/portfolio-95dc3/versions/563c855a917e2e29/files/9e34e72333e267ae1b9123b03ab56d3bc6e91c10b62f5f99e16c753b8b95fa87 [stream]
[debug] [2021-05-23T05:30:53.910Z] <<< [apiv2][status] POST https://upload-firebasehosting.googleapis.com/upload/sites/portfolio-95dc3/versions/563c855a917e2e29/files/59d126b4be08c8b950ce09fee5d3b8791b1820ef3dc6b72907cb1d15671a9a1e 200
[debug] [2021-05-23T05:30:53.911Z] <<< [apiv2][body] POST https://upload-firebasehosting.googleapis.com/upload/sites/portfolio-95dc3/versions/563c855a917e2e29/files/59d126b4be08c8b950ce09fee5d3b8791b1820ef3dc6b72907cb1d15671a9a1e [stream]
[debug] [2021-05-23T05:30:56.168Z] <<< [apiv2][status] POST https://upload-firebasehosting.googleapis.com/upload/sites/portfolio-95dc3/versions/563c855a917e2e29/files/2d24ab954b61997642405b7d45df7e985cff99893b07b4fa5c05f9381be9631a 200
[debug] [2021-05-23T05:30:56.169Z] <<< [apiv2][body] POST https://upload-firebasehosting.googleapis.com/upload/sites/portfolio-95dc3/versions/563c855a917e2e29/files/2d24ab954b61997642405b7d45df7e985cff99893b07b4fa5c05f9381be9631a [stream]
[debug] [2021-05-23T05:30:56.172Z] <<< [apiv2][status] POST https://upload-firebasehosting.googleapis.com/upload/sites/portfolio-95dc3/versions/563c855a917e2e29/files/eae62e993eb980ec8a25058c39d5a51feab118bd2100c4deebb2a9c158ec11f9 200
[debug] [2021-05-23T05:30:56.172Z] <<< [apiv2][body] POST https://upload-firebasehosting.googleapis.com/upload/sites/portfolio-95dc3/versions/563c855a917e2e29/files/eae62e993eb980ec8a25058c39d5a51feab118bd2100c4deebb2a9c158ec11f9 [stream]
[debug] [2021-05-23T05:30:56.175Z] <<< [apiv2][status] POST https://upload-firebasehosting.googleapis.com/upload/sites/portfolio-95dc3/versions/563c855a917e2e29/files/3ee59515172ee198f3be375979df15ac5345183e656720a381b8872b2a39dc8b 200
[debug] [2021-05-23T05:30:56.175Z] <<< [apiv2][body] POST https://upload-firebasehosting.googleapis.com/upload/sites/portfolio-95dc3/versions/563c855a917e2e29/files/3ee59515172ee198f3be375979df15ac5345183e656720a381b8872b2a39dc8b [stream]
[debug] [2021-05-23T05:30:59.337Z] <<< [apiv2][status] POST https://upload-firebasehosting.googleapis.com/upload/sites/portfolio-95dc3/versions/563c855a917e2e29/files/687d438f3f1cf13da45f9b67c06e9658d35d137760d9dc53e5fab7b2ddb00213 200
[debug] [2021-05-23T05:30:59.338Z] <<< [apiv2][body] POST https://upload-firebasehosting.googleapis.com/upload/sites/portfolio-95dc3/versions/563c855a917e2e29/files/687d438f3f1cf13da45f9b67c06e9658d35d137760d9dc53e5fab7b2ddb00213 [stream]
[debug] [2021-05-23T05:31:34.595Z] [uploadQueue] Retrying task f1651a73a84192410ce43b74461549e3012d38dd679848770eeb8b0f13523ebc
[debug] [2021-05-23T05:31:34.597Z] >>> [apiv2][query] POST https://upload-firebasehosting.googleapis.com/upload/sites/portfolio-95dc3/versions/563c855a917e2e29/files/f1651a73a84192410ce43b74461549e3012d38dd679848770eeb8b0f13523ebc [none]
[debug] [2021-05-23T05:31:34.597Z] >>> [apiv2][body] POST https://upload-firebasehosting.googleapis.com/upload/sites/portfolio-95dc3/versions/563c855a917e2e29/files/f1651a73a84192410ce43b74461549e3012d38dd679848770eeb8b0f13523ebc [stream]
[debug] [2021-05-23T05:32:19.105Z] [uploadQueue] Retrying task f1651a73a84192410ce43b74461549e3012d38dd679848770eeb8b0f13523ebc
[debug] [2021-05-23T05:32:19.107Z] >>> [apiv2][query] POST https://upload-firebasehosting.googleapis.com/upload/sites/portfolio-95dc3/versions/563c855a917e2e29/files/f1651a73a84192410ce43b74461549e3012d38dd679848770eeb8b0f13523ebc [none]
[debug] [2021-05-23T05:32:19.108Z] >>> [apiv2][body] POST https://upload-firebasehosting.googleapis.com/upload/sites/portfolio-95dc3/versions/563c855a917e2e29/files/f1651a73a84192410ce43b74461549e3012d38dd679848770eeb8b0f13523ebc [stream]
[debug] [2021-05-23T05:32:45.661Z] <<< [apiv2][status] POST https://upload-firebasehosting.googleapis.com/upload/sites/portfolio-95dc3/versions/563c855a917e2e29/files/f1651a73a84192410ce43b74461549e3012d38dd679848770eeb8b0f13523ebc 200
[debug] [2021-05-23T05:32:45.662Z] <<< [apiv2][body] POST https://upload-firebasehosting.googleapis.com/upload/sites/portfolio-95dc3/versions/563c855a917e2e29/files/f1651a73a84192410ce43b74461549e3012d38dd679848770eeb8b0f13523ebc [stream]
[debug] [2021-05-23T05:32:45.662Z] [hosting][upload queue][FINAL] {"max":26556,"min":2000,"avg":5703.615384615385,"active":0,"complete":13,"success":13,"errored":0,"retried":2,"total":13,"elapsed":115232}
[info] +  hosting[portfolio-95dc3]: file upload complete 
[debug] [2021-05-23T05:32:45.666Z] [hosting] deploy completed after 118819ms
[debug] [2021-05-23T05:32:47.355Z] [
  {
    "config": {
      "public": "build",
      "ignore": [
        "firebase.json",
        "**/.*",
        "**/node_modules/**"
      ],
      "rewrites": [
        {
          "source": "**",
          "destination": "/index.html"
        }
      ],
      "site": "portfolio-95dc3"
    },
    "site": "portfolio-95dc3",
    "version": "sites/portfolio-95dc3/versions/563c855a917e2e29"
  }
]
[info] i  hosting[portfolio-95dc3]: finalizing version... 
[debug] [2021-05-23T05:32:47.359Z] > refreshing access token with scopes: ["email","https://www.googleapis.com/auth/cloud-platform","https://www.googleapis.com/auth/cloudplatformprojects.readonly","https://www.googleapis.com/auth/firebase","openid"]
[debug] [2021-05-23T05:32:47.360Z] >>> HTTP REQUEST POST https://www.googleapis.com/oauth2/v3/token  
 <request body omitted>
[debug] [2021-05-23T05:32:47.864Z] <<< HTTP RESPONSE 200 {"date":"Sun, 23 May 2021 05:32:47 GMT","pragma":"no-cache","cache-control":"no-cache, no-store, max-age=0, must-revalidate","expires":"Mon, 01 Jan 1990 00:00:00 GMT","content-type":"application/json; charset=utf-8","vary":"X-Origin, Referer, Origin,Accept-Encoding","server":"scaffolding on HTTPServer2","x-xss-protection":"0","x-frame-options":"SAMEORIGIN","x-content-type-options":"nosniff","alt-svc":"h3-29=\":443\"; ma=2592000,h3-T051=\":443\"; ma=2592000,h3-Q050=\":443\"; ma=2592000,h3-Q046=\":443\"; ma=2592000,h3-Q043=\":443\"; ma=2592000,quic=\":443\"; ma=2592000; v=\"46,43\"","accept-ranges":"none","transfer-encoding":"chunked"}
[debug] [2021-05-23T05:32:47.992Z] >>> HTTP REQUEST PATCH https://firebasehosting.googleapis.com/v1beta1/sites/portfolio-95dc3/versions/563c855a917e2e29?updateMask=status  
 {"status":"FINALIZED"}
[debug] [2021-05-23T05:32:48.487Z] Error: read ECONNRESET
    at TLSWrap.onStreamRead (internal/stream_base_commons.js:209:20)
[error] 
[error] Error: Server Error. read ECONNRESET
